top three lines r added manually by me, rest are generated by python programs

*********TIME*********: level name: Message
05/09/2023 06:52:04 PM: INFO: ********** Test_001_Login ************
05/09/2023 06:52:04 PM: INFO: *********** Verifying Home page title ************
05/09/2023 06:52:10 PM: INFO: **** Home page title test passed ****
05/09/2023 06:52:19 PM: INFO: ****Started Login Test****
05/09/2023 06:52:26 PM: INFO: ****Login test passed ****
05/09/2023 06:55:19 PM: INFO: ********** Test_001_Login ************ 
05/09/2023 06:55:19 PM: INFO: *********** Verifying Home page title ************
05/09/2023 06:55:23 PM: INFO: **** Home page title test passed ****
05/09/2023 06:55:26 PM: INFO: ****Started Login Test****
05/09/2023 06:55:34 PM: INFO: ****Login test passed ****
05/09/2023 07:03:32 PM: INFO: ********** Test_001_Login ************ 
05/09/2023 07:03:32 PM: INFO: *********** Verifying Home page title ************
05/09/2023 07:03:36 PM: INFO: **** Home page title test passed ****
05/09/2023 07:03:39 PM: INFO: ****Started Login Test****
05/09/2023 07:03:49 PM: INFO: ****Login test passed ****
05/09/2023 07:19:49 PM: INFO: ********** Test_001_Login ************ 
05/09/2023 07:19:49 PM: INFO: *********** Verifying Home page title ************
05/09/2023 07:19:52 PM: INFO: **** Home page title test passed ****
05/09/2023 07:19:55 PM: INFO: ****Started Login Test****
05/09/2023 07:20:02 PM: INFO: ****Login test passed ****
05/10/2023 08:41:35 AM: INFO: ********** Test_001_Login ************ 
05/10/2023 08:41:35 AM: INFO: *********** Verifying Home page title ************
05/10/2023 08:41:39 AM: INFO: **** Home page title test passed ****
05/10/2023 08:41:43 AM: INFO: ****Started Login Test****
05/10/2023 08:41:52 AM: INFO: ****Login test passed ****
05/10/2023 02:48:04 PM: INFO: ********** Test_001_Login ************ 
05/10/2023 02:48:04 PM: INFO: *********** Verifying Home page title ************
05/10/2023 02:48:08 PM: INFO: **** Home page title test passed ****
05/10/2023 02:48:11 PM: INFO: ****Started Login Test****
05/10/2023 02:48:43 PM: INFO: ****Login test passed ****
05/10/2023 02:50:03 PM: INFO: ********** Test_001_Login ************ 
05/10/2023 02:50:03 PM: INFO: *********** Verifying Home page title ************
05/10/2023 02:50:14 PM: INFO: **** Home page title test passed ****
05/10/2023 02:50:25 PM: INFO: ****Started Login Test****
05/10/2023 02:50:48 PM: INFO: ****Login test passed ****
05/10/2023 02:52:09 PM: INFO: ********** Test_001_Login ************ 
05/10/2023 02:52:09 PM: INFO: *********** Verifying Home page title ************
05/10/2023 02:52:16 PM: INFO: **** Home page title test passed ****
05/10/2023 02:52:21 PM: INFO: ****Started Login Test****
05/10/2023 02:52:29 PM: INFO: ****Login test passed ****
05/10/2023 03:50:11 PM: INFO: ********** Test_001_Login ************ 
05/10/2023 03:50:11 PM: INFO: *********** Verifying Home page title ************
05/10/2023 03:50:14 PM: INFO: **** Home page title test passed ****
05/10/2023 03:50:18 PM: INFO: ****Started Login Test****
05/10/2023 03:50:44 PM: INFO: ****Login test passed ****
05/10/2023 04:16:29 PM: INFO: ********** Test_001_Login ************ 
05/10/2023 04:16:29 PM: INFO: *********** Verifying Home page title ************
05/10/2023 04:16:29 PM: INFO: ****Started Login Test****
05/10/2023 04:16:33 PM: INFO: **** Home page title test passed ****
05/10/2023 04:16:57 PM: INFO: ****Login test passed ****
05/10/2023 04:19:43 PM: INFO: ********** Test_001_Login ************ 
05/10/2023 04:19:43 PM: INFO: *********** Verifying Home page title ************
05/10/2023 04:19:46 PM: INFO: ****Started Login Test****
05/10/2023 04:19:51 PM: INFO: **** Home page title test passed ****
05/10/2023 04:19:57 PM: INFO: ****Login test passed ****
05/10/2023 04:21:34 PM: INFO: ****Started Login Test****
05/10/2023 04:21:36 PM: INFO: ********** Test_001_Login ************ 
05/10/2023 04:21:36 PM: INFO: *********** Verifying Home page title ************
05/10/2023 04:21:45 PM: INFO: **** Home page title test passed ****
05/10/2023 04:21:49 PM: INFO: ****Login test passed ****
05/10/2023 04:23:45 PM: INFO: ********** Test_001_Login ************ 
05/10/2023 04:23:45 PM: INFO: *********** Verifying Home page title ************
05/10/2023 04:23:50 PM: INFO: **** Home page title test passed ****
05/10/2023 04:23:53 PM: INFO: ****Started Login Test****
05/10/2023 04:24:22 PM: INFO: ****Login test passed ****
05/10/2023 04:39:34 PM: INFO: ****Started Login Test****
05/10/2023 04:39:34 PM: INFO: ********** Test_001_Login ************ 
05/10/2023 04:39:34 PM: INFO: *********** Verifying Home page title ************
05/10/2023 04:39:38 PM: INFO: **** Home page title test passed ****
05/10/2023 04:39:42 PM: INFO: ****Login test passed ****
05/10/2023 04:41:28 PM: INFO: ********** Test_001_Login ************ 
05/10/2023 04:41:28 PM: INFO: *********** Verifying Home page title ************
05/10/2023 04:41:29 PM: INFO: ****Started Login Test****
05/10/2023 04:41:36 PM: INFO: **** Home page title test passed ****
05/10/2023 04:42:02 PM: INFO: ****Login test passed ****
05/10/2023 04:51:52 PM: INFO: ********** Test_001_Login ************ 
05/10/2023 04:51:52 PM: INFO: *********** Verifying Home page title ************
05/10/2023 04:51:57 PM: INFO: **** Home page title test passed ****
05/10/2023 04:52:00 PM: INFO: ****Started Login Test****
05/10/2023 04:52:09 PM: INFO: ****Login test passed ****
05/10/2023 04:53:40 PM: INFO: ********** Test_001_Login ************ 
05/10/2023 04:53:40 PM: INFO: *********** Verifying Home page title ************
05/10/2023 04:53:44 PM: INFO: **** Home page title test passed ****
05/10/2023 04:53:47 PM: INFO: ****Started Login Test****
05/10/2023 04:53:57 PM: INFO: ****Login test passed ****
05/10/2023 05:14:55 PM: INFO: ********** Test_001_Login ************ 
05/10/2023 05:14:55 PM: INFO: *********** Verifying Home page title ************
05/10/2023 05:14:59 PM: INFO: **** Home page title test passed ****
05/10/2023 05:15:02 PM: INFO: ****Started Login Test****
05/10/2023 05:15:09 PM: INFO: ****Login test passed ****
05/10/2023 05:26:21 PM: INFO: ********** Test_001_Login ************ 
05/10/2023 05:26:21 PM: INFO: *********** Verifying Home page title ************
05/10/2023 05:26:25 PM: INFO: **** Home page title test passed ****
05/10/2023 05:26:28 PM: INFO: ****Started Login Test****
05/10/2023 05:26:36 PM: INFO: ****Login test passed ****
05/10/2023 05:33:50 PM: INFO: ********** Test_001_Login ************ 
05/10/2023 05:33:50 PM: INFO: *********** Verifying Home page title ************
05/10/2023 05:33:54 PM: INFO: **** Home page title test passed ****
05/10/2023 05:33:57 PM: INFO: ****Started Login Test****
05/10/2023 05:34:06 PM: INFO: ****Login test passed ****
05/10/2023 05:44:33 PM: INFO: ********** Test_001_Login ************ 
05/10/2023 05:44:33 PM: INFO: *********** Verifying Home page title ************
05/10/2023 05:44:37 PM: INFO: **** Home page title test passed ****
05/10/2023 05:44:41 PM: INFO: ****Started Login Test****
05/10/2023 05:44:50 PM: INFO: ****Login test passed ****
05/10/2023 06:02:36 PM: INFO: ********** Test_001_Login ************ 
05/10/2023 06:02:36 PM: INFO: *********** Verifying Home page title ************
05/10/2023 06:02:40 PM: INFO: **** Home page title test passed ****
05/10/2023 06:02:46 PM: INFO: ****Started Login Test****
05/10/2023 06:02:57 PM: INFO: ****Login test passed ****
05/10/2023 06:04:29 PM: INFO: ********** Test_001_Login ************ 
05/10/2023 06:04:29 PM: INFO: *********** Verifying Home page title ************
05/10/2023 06:04:33 PM: INFO: **** Home page title test passed ****
05/10/2023 06:04:37 PM: INFO: ****Started Login Test****
05/10/2023 06:05:04 PM: INFO: ****Login test passed ****
05/10/2023 06:07:30 PM: INFO: ********** Test_001_Login ************ 
05/10/2023 06:07:30 PM: INFO: *********** Verifying Home page title ************
05/10/2023 06:07:35 PM: INFO: **** Home page title test passed ****
05/10/2023 06:07:37 PM: INFO: ****Started Login Test****
05/10/2023 06:07:46 PM: INFO: ****Login test passed ****
05/10/2023 06:10:24 PM: INFO: ********** Test_001_Login ************ 
05/10/2023 06:10:24 PM: INFO: *********** Verifying Home page title ************
05/10/2023 06:10:28 PM: INFO: **** Home page title test passed ****
05/10/2023 06:10:31 PM: INFO: ****Started Login Test****
05/10/2023 06:10:41 PM: INFO: ****Login test passed ****
05/10/2023 06:33:24 PM: INFO: ********** Test_001_Login ************ 
05/10/2023 06:33:24 PM: INFO: *********** Verifying Home page title ************
05/10/2023 06:33:30 PM: INFO: **** Home page title test passed ****
05/10/2023 06:33:34 PM: INFO: ****Started Login Test****
05/10/2023 06:33:41 PM: INFO: ****Login test passed ****
05/10/2023 06:46:48 PM: INFO: ********** Test_001_Login ************ 
05/10/2023 06:46:48 PM: INFO: *********** Verifying Home page title ************
05/10/2023 06:46:51 PM: INFO: **** Home page title test passed ****
05/10/2023 06:46:55 PM: INFO: ****Started Login Test****
05/10/2023 06:47:04 PM: INFO: ****Login test passed ****
05/10/2023 06:47:39 PM: INFO: ********** Test_001_Login ************ 
05/10/2023 06:47:39 PM: INFO: *********** Verifying Home page title ************
05/10/2023 06:47:42 PM: INFO: **** Home page title test passed ****
05/10/2023 06:47:45 PM: INFO: ****Started Login Test****
05/10/2023 06:47:55 PM: INFO: ****Login test passed ****
05/11/2023 07:03:51 PM: INFO: ********** Test_001_Login ************ 
05/11/2023 07:03:51 PM: INFO: *********** Verifying Home page title ************
05/11/2023 07:03:55 PM: INFO: **** Home page title test passed ****
05/11/2023 07:03:59 PM: INFO: ****Started Login Test****
05/11/2023 07:04:08 PM: INFO: ****Login test passed ****
05/13/2023 09:44:49 AM: INFO: ********** Test_002_DDT_Login ************ 
05/13/2023 09:44:49 AM: INFO: **** Verifying Login DDT test****
05/13/2023 09:45:01 AM: INFO: ********* passed *********
05/13/2023 09:45:09 AM: INFO: ********* passed *********
05/13/2023 09:45:15 AM: INFO: ********* passed *********
05/13/2023 09:45:23 AM: INFO: ********* passed *********
05/13/2023 09:45:23 AM: INFO: ********* Login DDT test Passed*********
05/13/2023 09:48:13 AM: INFO: ********** Test_002_DDT_Login ************ 
05/13/2023 09:48:13 AM: INFO: **** Verifying Login DDT test****
05/13/2023 09:48:27 AM: INFO: ********* passed *********
05/13/2023 09:48:35 AM: INFO: ********* passed *********
05/13/2023 09:48:41 AM: INFO: ********* passed *********
05/13/2023 09:48:47 AM: INFO: ********* passed *********
05/13/2023 09:48:47 AM: INFO: ********* Login DDT test Passed*********
05/13/2023 10:24:08 AM: INFO: ********** Test_002_DDT_Login ************ 
05/13/2023 10:24:08 AM: INFO: **** Verifying Login DDT test****
05/13/2023 10:24:21 AM: INFO: ********* passed *********
05/13/2023 10:24:29 AM: INFO: ********* passed *********
05/13/2023 10:24:35 AM: INFO: ********* passed *********
05/13/2023 10:24:41 AM: INFO: ********* passed *********
05/13/2023 10:24:41 AM: INFO: ********* Login DDT test Passed*********
05/13/2023 10:24:42 AM: INFO: ******* End of Login DDT Test **********
05/13/2023 10:24:42 AM: INFO: **************** Completed  TC_LoginDDT_002 ************* 
05/13/2023 10:31:03 AM: INFO: ******* Starting Test_002_DDT_Login Test **********
05/13/2023 10:31:03 AM: INFO: ******* Starting Login DDT Test **********
05/13/2023 10:31:17 AM: INFO: **** passed ****
05/13/2023 10:31:25 AM: INFO: **** passed ****
05/13/2023 10:31:31 AM: INFO: **** passed ****
05/13/2023 10:31:37 AM: INFO: **** passed ****
05/13/2023 10:31:37 AM: INFO: ******* DDT Login test passed **********
05/13/2023 10:31:37 AM: INFO: ******* End of Login DDT Test **********
05/13/2023 10:31:37 AM: INFO: **************** Completed  TC_LoginDDT_002 ************* 
05/13/2023 11:11:09 AM: INFO: ********** Test_002_DDT_Login ************ 
05/13/2023 11:11:09 AM: INFO: **** Verifying Login DDT test****
05/13/2023 11:11:24 AM: INFO: ********* 1 I/P set passed *********
05/13/2023 11:17:45 AM: INFO: ********** Test_002_DDT_Login ************ 
05/13/2023 11:17:45 AM: INFO: **** Verifying Login DDT test****
05/13/2023 11:18:14 AM: INFO: ********* 1 I/P set passed *********
05/13/2023 11:20:24 AM: INFO: ********** Test_002_DDT_Login ************ 
05/13/2023 11:20:24 AM: INFO: **** Verifying Login DDT test****
05/13/2023 11:20:38 AM: INFO: ********* 1 I/P set passed *********
05/13/2023 11:20:48 AM: WARNING: Retrying (Retry(total=2, connect=None, read=None, redirect=None, status=None)) after connection broken by 'NewConnectionError('<urllib3.connection.HTTPConnection object at 0x00000221B1E1E470>: Failed to establish a new connection: [WinError 10061] No connection could be made because the target machine actively refused it')': /session/16b12fac29d9890553fc1676c2a5899b/url
05/13/2023 11:20:52 AM: WARNING: Retrying (Retry(total=1, connect=None, read=None, redirect=None, status=None)) after connection broken by 'NewConnectionError('<urllib3.connection.HTTPConnection object at 0x00000221B1E1E590>: Failed to establish a new connection: [WinError 10061] No connection could be made because the target machine actively refused it')': /session/16b12fac29d9890553fc1676c2a5899b/url
05/13/2023 11:20:56 AM: WARNING: Retrying (Retry(total=0, connect=None, read=None, redirect=None, status=None)) after connection broken by 'NewConnectionError('<urllib3.connection.HTTPConnection object at 0x00000221B1DEAA70>: Failed to establish a new connection: [WinError 10061] No connection could be made because the target machine actively refused it')': /session/16b12fac29d9890553fc1676c2a5899b/url
05/13/2023 11:21:31 AM: INFO: ********** Test_002_DDT_Login ************ 
05/13/2023 11:21:31 AM: INFO: **** Verifying Login DDT test****
05/13/2023 11:21:44 AM: INFO: ********* 1 I/P set passed *********
05/13/2023 11:21:53 AM: WARNING: Retrying (Retry(total=2, connect=None, read=None, redirect=None, status=None)) after connection broken by 'NewConnectionError('<urllib3.connection.HTTPConnection object at 0x000002B82F7D5AB0>: Failed to establish a new connection: [WinError 10061] No connection could be made because the target machine actively refused it')': /session/769f61c975777b9c6752aae3d020882e/url
05/13/2023 11:21:57 AM: WARNING: Retrying (Retry(total=1, connect=None, read=None, redirect=None, status=None)) after connection broken by 'NewConnectionError('<urllib3.connection.HTTPConnection object at 0x000002B82F7D7C10>: Failed to establish a new connection: [WinError 10061] No connection could be made because the target machine actively refused it')': /session/769f61c975777b9c6752aae3d020882e/url
05/13/2023 11:22:01 AM: WARNING: Retrying (Retry(total=0, connect=None, read=None, redirect=None, status=None)) after connection broken by 'NewConnectionError('<urllib3.connection.HTTPConnection object at 0x000002B82F7A2AD0>: Failed to establish a new connection: [WinError 10061] No connection could be made because the target machine actively refused it')': /session/769f61c975777b9c6752aae3d020882e/url
05/13/2023 11:25:51 AM: INFO: ********** Test_002_DDT_Login ************ 
05/13/2023 11:25:51 AM: INFO: **** Verifying Login DDT test****
05/13/2023 11:26:06 AM: INFO: ********* 1 I/P set passed *********
05/13/2023 11:26:16 AM: WARNING: Retrying (Retry(total=2, connect=None, read=None, redirect=None, status=None)) after connection broken by 'NewConnectionError('<urllib3.connection.HTTPConnection object at 0x00000274D694FD60>: Failed to establish a new connection: [WinError 10061] No connection could be made because the target machine actively refused it')': /session/fba2c3a2845f348ec4aac780fd276461/url
05/13/2023 11:26:20 AM: WARNING: Retrying (Retry(total=1, connect=None, read=None, redirect=None, status=None)) after connection broken by 'NewConnectionError('<urllib3.connection.HTTPConnection object at 0x00000274D694FC10>: Failed to establish a new connection: [WinError 10061] No connection could be made because the target machine actively refused it')': /session/fba2c3a2845f348ec4aac780fd276461/url
05/13/2023 11:26:24 AM: WARNING: Retrying (Retry(total=0, connect=None, read=None, redirect=None, status=None)) after connection broken by 'NewConnectionError('<urllib3.connection.HTTPConnection object at 0x00000274D6912830>: Failed to establish a new connection: [WinError 10061] No connection could be made because the target machine actively refused it')': /session/fba2c3a2845f348ec4aac780fd276461/url
05/13/2023 11:27:51 AM: INFO: ********** Test_002_DDT_Login ************ 
05/13/2023 11:27:51 AM: INFO: **** Verifying Login DDT test****
05/13/2023 11:28:08 AM: INFO: ********* 1 I/P set passed *********
05/13/2023 11:28:18 AM: WARNING: Retrying (Retry(total=2, connect=None, read=None, redirect=None, status=None)) after connection broken by 'NewConnectionError('<urllib3.connection.HTTPConnection object at 0x00000168D0159480>: Failed to establish a new connection: [WinError 10061] No connection could be made because the target machine actively refused it')': /session/6eefe4849732955f4ff1dddc670ea08c/url
05/13/2023 11:28:22 AM: WARNING: Retrying (Retry(total=1, connect=None, read=None, redirect=None, status=None)) after connection broken by 'NewConnectionError('<urllib3.connection.HTTPConnection object at 0x00000168D015BC70>: Failed to establish a new connection: [WinError 10061] No connection could be made because the target machine actively refused it')': /session/6eefe4849732955f4ff1dddc670ea08c/url
05/13/2023 11:28:26 AM: WARNING: Retrying (Retry(total=0, connect=None, read=None, redirect=None, status=None)) after connection broken by 'NewConnectionError('<urllib3.connection.HTTPConnection object at 0x00000168D0146A10>: Failed to establish a new connection: [WinError 10061] No connection could be made because the target machine actively refused it')': /session/6eefe4849732955f4ff1dddc670ea08c/url
05/13/2023 11:33:27 AM: INFO: ********** Test_002_DDT_Login ************ 
05/13/2023 11:33:27 AM: INFO: **** Verifying Login DDT test****
05/13/2023 11:58:03 AM: INFO: ********** Test_002_DDT_Login ************ 
05/13/2023 11:58:03 AM: INFO: **** Verifying Login DDT test****
05/13/2023 11:58:44 AM: INFO: ********* 1 I/P set passed *********
05/13/2023 02:34:17 PM: INFO: ********** Test_002_DDT_Login ************ 
05/13/2023 02:34:17 PM: INFO: **** Verifying Login DDT test****
05/13/2023 02:34:40 PM: INFO: ********* 1 I/P set passed *********
05/13/2023 02:34:49 PM: INFO: ********* 1 I/P set passed *********
05/13/2023 02:34:55 PM: INFO: ********* 1 I/P set passed *********
05/13/2023 02:35:01 PM: INFO: ********* 1 I/P set passed *********
05/13/2023 02:35:01 PM: INFO: ********* Login DDT test Passed*********
05/13/2023 02:35:01 PM: INFO: ******* End of Login DDT Test **********
05/13/2023 02:35:01 PM: INFO: **************** Completed  TC_LoginDDT_002 ************* 
05/13/2023 02:37:59 PM: INFO: ********** Test_002_DDT_Login ************ 
05/13/2023 02:37:59 PM: INFO: **** Verifying Login DDT test****
05/13/2023 02:38:24 PM: INFO: ********* 1 I/P set passed *********
05/13/2023 02:38:34 PM: INFO: ********* 1 I/P set passed *********
05/13/2023 02:38:40 PM: INFO: ********* 1 I/P set passed *********
05/13/2023 02:38:46 PM: INFO: ********* 1 I/P set passed *********
05/13/2023 02:38:46 PM: INFO: ********* Login DDT test Passed*********
05/13/2023 02:38:47 PM: INFO: ******* End of Login DDT Test **********
05/13/2023 02:38:47 PM: INFO: **************** Completed  TC_LoginDDT_002 ************* 
07/19/2023 03:23:19 PM: INFO: ********** Test_001_Login ************ 
07/19/2023 03:23:19 PM: INFO: *********** Verifying Home page title ************
07/19/2023 03:23:24 PM: INFO: **** Home page title test passed ****
07/19/2023 03:23:30 PM: INFO: ****Started Login Test****
07/19/2023 03:23:42 PM: INFO: ****Login test passed ****
07/19/2023 03:23:46 PM: INFO: ********** Test_002_DDT_Login ************ 
07/19/2023 03:23:46 PM: INFO: **** Verifying Login DDT test****
07/19/2023 03:24:02 PM: INFO: ********* 1 I/P set passed *********
07/19/2023 03:24:11 PM: INFO: ********* 1 I/P set passed *********
07/19/2023 03:24:17 PM: INFO: ********* 1 I/P set passed *********
07/19/2023 03:24:24 PM: INFO: ********* 1 I/P set passed *********
07/19/2023 03:24:24 PM: INFO: ********* Login DDT test Passed*********
07/19/2023 03:24:24 PM: INFO: ******* End of Login DDT Test **********
07/19/2023 03:24:24 PM: INFO: **************** Completed  TC_LoginDDT_002 ************* 
07/19/2023 03:24:29 PM: INFO: ******* Starting Test_002_DDT_Login Test **********
07/19/2023 03:24:29 PM: INFO: ******* Starting Login DDT Test **********
07/19/2023 03:24:44 PM: INFO: **** passed ****
07/19/2023 03:24:53 PM: INFO: **** passed ****
07/19/2023 03:24:59 PM: INFO: **** passed ****
07/19/2023 03:25:05 PM: INFO: **** passed ****
07/19/2023 03:25:05 PM: INFO: ******* DDT Login test passed **********
07/19/2023 03:25:06 PM: INFO: ******* End of Login DDT Test **********
07/19/2023 03:25:06 PM: INFO: **************** Completed  TC_LoginDDT_002 ************* 
07/19/2023 03:25:09 PM: INFO: ********** Test_002_DDT_Login ************ 
07/19/2023 03:25:09 PM: INFO: **** Verifying Login DDT test****
07/19/2023 03:25:26 PM: INFO: ********* 1 I/P set passed *********
07/19/2023 03:25:46 PM: WARNING: Retrying (Retry(total=2, connect=None, read=None, redirect=None, status=None)) after connection broken by 'NewConnectionError('<urllib3.connection.HTTPConnection object at 0x00000180E6774FA0>: Failed to establish a new connection: [WinError 10061] No connection could be made because the target machine actively refused it')': /session/884b0ccd64224d119ecdd64699d30b59/url
07/19/2023 03:25:50 PM: WARNING: Retrying (Retry(total=1, connect=None, read=None, redirect=None, status=None)) after connection broken by 'NewConnectionError('<urllib3.connection.HTTPConnection object at 0x00000180E6775D50>: Failed to establish a new connection: [WinError 10061] No connection could be made because the target machine actively refused it')': /session/884b0ccd64224d119ecdd64699d30b59/url
07/19/2023 03:25:54 PM: WARNING: Retrying (Retry(total=0, connect=None, read=None, redirect=None, status=None)) after connection broken by 'NewConnectionError('<urllib3.connection.HTTPConnection object at 0x00000180E67776A0>: Failed to establish a new connection: [WinError 10061] No connection could be made because the target machine actively refused it')': /session/884b0ccd64224d119ecdd64699d30b59/url
